running egg_info
creating build/detector/detector.egg-info
writing build/detector/detector.egg-info/PKG-INFO
writing dependency_links to build/detector/detector.egg-info/dependency_links.txt
writing entry points to build/detector/detector.egg-info/entry_points.txt
writing requirements to build/detector/detector.egg-info/requires.txt
writing top-level names to build/detector/detector.egg-info/top_level.txt
writing manifest file 'build/detector/detector.egg-info/SOURCES.txt'
reading manifest file 'build/detector/detector.egg-info/SOURCES.txt'
writing manifest file 'build/detector/detector.egg-info/SOURCES.txt'
running build
running build_py
creating /home/harshitha/shunya_remote2025_ws/src/detector/build/detector/build
creating /home/harshitha/shunya_remote2025_ws/src/detector/build/detector/build/lib
creating /home/harshitha/shunya_remote2025_ws/src/detector/build/detector/build/lib/detector
copying detector/color.py -> /home/harshitha/shunya_remote2025_ws/src/detector/build/detector/build/lib/detector
copying detector/__init__.py -> /home/harshitha/shunya_remote2025_ws/src/detector/build/detector/build/lib/detector
running install
running install_lib
creating /home/harshitha/shunya_remote2025_ws/src/detector/install/detector/lib/python3.12/site-packages/detector
copying /home/harshitha/shunya_remote2025_ws/src/detector/build/detector/build/lib/detector/color.py -> /home/harshitha/shunya_remote2025_ws/src/detector/install/detector/lib/python3.12/site-packages/detector
copying /home/harshitha/shunya_remote2025_ws/src/detector/build/detector/build/lib/detector/__init__.py -> /home/harshitha/shunya_remote2025_ws/src/detector/install/detector/lib/python3.12/site-packages/detector
byte-compiling /home/harshitha/shunya_remote2025_ws/src/detector/install/detector/lib/python3.12/site-packages/detector/color.py to color.cpython-312.pyc
byte-compiling /home/harshitha/shunya_remote2025_ws/src/detector/install/detector/lib/python3.12/site-packages/detector/__init__.py to __init__.cpython-312.pyc
running install_data
creating /home/harshitha/shunya_remote2025_ws/src/detector/install/detector/share/ament_index
creating /home/harshitha/shunya_remote2025_ws/src/detector/install/detector/share/ament_index/resource_index
creating /home/harshitha/shunya_remote2025_ws/src/detector/install/detector/share/ament_index/resource_index/packages
copying resource/detector -> /home/harshitha/shunya_remote2025_ws/src/detector/install/detector/share/ament_index/resource_index/packages
copying package.xml -> /home/harshitha/shunya_remote2025_ws/src/detector/install/detector/share/detector
running install_egg_info
Copying build/detector/detector.egg-info to /home/harshitha/shunya_remote2025_ws/src/detector/install/detector/lib/python3.12/site-packages/detector-0.0.0-py3.12.egg-info
running install_scripts
Installing detect_node script to /home/harshitha/shunya_remote2025_ws/src/detector/install/detector/lib/detector
writing list of installed files to '/home/harshitha/shunya_remote2025_ws/src/detector/build/detector/install.log'
