[1.226s] Invoking command in '/home/pavan/detector': DEBUGINFOD_URLS=https://debuginfod.ubuntu.com PYTHONPATH=/home/pavan/detector/build/detector/prefix_override:/usr/lib/python3/dist-packages/colcon_core/task/python/colcon_distutils_commands:/home/pavan/detector/install/detector/lib/python3.12/site-packages:${PYTHONPATH} /usr/bin/python3 -W ignore:setup.py install is deprecated -W ignore:easy_install command is deprecated setup.py egg_info --egg-base build/detector build --build-base /home/pavan/detector/build/detector/build install --record /home/pavan/detector/build/detector/install.log --single-version-externally-managed install_data
[1.644s] running egg_info
[1.673s] writing build/detector/detector.egg-info/PKG-INFO
[1.673s] writing dependency_links to build/detector/detector.egg-info/dependency_links.txt
[1.674s] writing entry points to build/detector/detector.egg-info/entry_points.txt
[1.674s] writing requirements to build/detector/detector.egg-info/requires.txt
[1.674s] writing top-level names to build/detector/detector.egg-info/top_level.txt
[1.735s] reading manifest file 'build/detector/detector.egg-info/SOURCES.txt'
[1.736s] writing manifest file 'build/detector/detector.egg-info/SOURCES.txt'
[1.736s] running build
[1.736s] running build_py
[1.737s] running install
[1.745s] running install_lib
[1.775s] running install_data
[1.775s] running install_egg_info
[1.808s] removing '/home/pavan/detector/install/detector/lib/python3.12/site-packages/detector-0.0.0-py3.12.egg-info' (and everything under it)
[1.809s] Copying build/detector/detector.egg-info to /home/pavan/detector/install/detector/lib/python3.12/site-packages/detector-0.0.0-py3.12.egg-info
[1.809s] running install_scripts
[2.009s] Installing detect_node script to /home/pavan/detector/install/detector/lib/detector
[2.009s] writing list of installed files to '/home/pavan/detector/build/detector/install.log'
[2.058s] Invoked command in '/home/pavan/detector' returned '0': DEBUGINFOD_URLS=https://debuginfod.ubuntu.com PYTHONPATH=/home/pavan/detector/build/detector/prefix_override:/usr/lib/python3/dist-packages/colcon_core/task/python/colcon_distutils_commands:/home/pavan/detector/install/detector/lib/python3.12/site-packages:${PYTHONPATH} /usr/bin/python3 -W ignore:setup.py install is deprecated -W ignore:easy_install command is deprecated setup.py egg_info --egg-base build/detector build --build-base /home/pavan/detector/build/detector/build install --record /home/pavan/detector/build/detector/install.log --single-version-externally-managed install_data
