running egg_info
writing build/detector/detector.egg-info/PKG-INFO
writing dependency_links to build/detector/detector.egg-info/dependency_links.txt
writing entry points to build/detector/detector.egg-info/entry_points.txt
writing requirements to build/detector/detector.egg-info/requires.txt
writing top-level names to build/detector/detector.egg-info/top_level.txt
reading manifest file 'build/detector/detector.egg-info/SOURCES.txt'
writing manifest file 'build/detector/detector.egg-info/SOURCES.txt'
running build
running build_py
copying detector/color.py -> /home/pavan/detector/build/detector/build/lib/detector
running install
running install_lib
copying /home/pavan/detector/build/detector/build/lib/detector/color.py -> /home/pavan/detector/install/detector/lib/python3.12/site-packages/detector
byte-compiling /home/pavan/detector/install/detector/lib/python3.12/site-packages/detector/color.py to color.cpython-312.pyc
running install_data
running install_egg_info
removing '/home/pavan/detector/install/detector/lib/python3.12/site-packages/detector-0.0.0-py3.12.egg-info' (and everything under it)
Copying build/detector/detector.egg-info to /home/pavan/detector/install/detector/lib/python3.12/site-packages/detector-0.0.0-py3.12.egg-info
running install_scripts
Installing detect_node script to /home/pavan/detector/install/detector/lib/detector
writing list of installed files to '/home/pavan/detector/build/detector/install.log'
